{"/home/bing/code/sp3/server/index.ts": {"path":"/home/bing/code/sp3/server/index.ts","all":false,"statementMap":{"0":{"start":{"line":1,"column":0},"end":{"line":1,"column":42}},"1":{"start":{"line":2,"column":0},"end":{"line":2,"column":52}},"2":{"start":{"line":3,"column":0},"end":{"line":3,"column":0}},"3":{"start":{"line":4,"column":0},"end":{"line":4,"column":3}},"4":{"start":{"line":5,"column":0},"end":{"line":5,"column":46}},"5":{"start":{"line":6,"column":0},"end":{"line":6,"column":2}},"6":{"start":{"line":7,"column":0},"end":{"line":7,"column":69}},"7":{"start":{"line":8,"column":0},"end":{"line":8,"column":3}},"8":{"start":{"line":9,"column":0},"end":{"line":9,"column":43}},"9":{"start":{"line":10,"column":0},"end":{"line":10,"column":27}},"10":{"start":{"line":11,"column":0},"end":{"line":11,"column":3}},"11":{"start":{"line":12,"column":0},"end":{"line":12,"column":0}},"12":{"start":{"line":13,"column":0},"end":{"line":13,"column":32}},"13":{"start":{"line":14,"column":0},"end":{"line":14,"column":41}}},"s":{"0":1,"1":1,"2":1,"3":1,"4":1,"5":1,"6":1,"7":1,"8":1,"9":1,"10":1,"11":1,"12":1,"13":1},"branchMap":{},"b":{},"fnMap":{},"f":{}}
,"/home/bing/code/sp3/server/trpc.ts": {"path":"/home/bing/code/sp3/server/trpc.ts","all":false,"statementMap":{"0":{"start":{"line":1,"column":0},"end":{"line":1,"column":46}},"1":{"start":{"line":2,"column":0},"end":{"line":2,"column":40}},"2":{"start":{"line":3,"column":0},"end":{"line":3,"column":0}},"3":{"start":{"line":4,"column":0},"end":{"line":4,"column":34}},"4":{"start":{"line":5,"column":0},"end":{"line":5,"column":0}},"5":{"start":{"line":6,"column":0},"end":{"line":6,"column":36}},"6":{"start":{"line":7,"column":0},"end":{"line":7,"column":23}},"7":{"start":{"line":8,"column":0},"end":{"line":8,"column":2}},"8":{"start":{"line":9,"column":0},"end":{"line":9,"column":0}},"9":{"start":{"line":10,"column":0},"end":{"line":10,"column":71}},"10":{"start":{"line":11,"column":0},"end":{"line":11,"column":10}},"11":{"start":{"line":12,"column":0},"end":{"line":12,"column":24}},"12":{"start":{"line":13,"column":0},"end":{"line":13,"column":4}},"13":{"start":{"line":14,"column":0},"end":{"line":14,"column":2}},"14":{"start":{"line":15,"column":0},"end":{"line":15,"column":0}},"15":{"start":{"line":16,"column":0},"end":{"line":16,"column":72}},"16":{"start":{"line":17,"column":0},"end":{"line":17,"column":33}},"17":{"start":{"line":18,"column":0},"end":{"line":18,"column":11}},"18":{"start":{"line":19,"column":0},"end":{"line":19,"column":5}},"19":{"start":{"line":20,"column":0},"end":{"line":20,"column":2}},"20":{"start":{"line":21,"column":0},"end":{"line":21,"column":0}},"21":{"start":{"line":22,"column":0},"end":{"line":22,"column":3}},"22":{"start":{"line":23,"column":0},"end":{"line":23,"column":33}},"23":{"start":{"line":24,"column":0},"end":{"line":24,"column":40}},"24":{"start":{"line":25,"column":0},"end":{"line":25,"column":3}},"25":{"start":{"line":26,"column":0},"end":{"line":26,"column":66}},"26":{"start":{"line":27,"column":0},"end":{"line":27,"column":0}},"27":{"start":{"line":28,"column":0},"end":{"line":28,"column":3}},"28":{"start":{"line":29,"column":0},"end":{"line":29,"column":69}},"29":{"start":{"line":30,"column":0},"end":{"line":30,"column":35}},"30":{"start":{"line":31,"column":0},"end":{"line":31,"column":3}},"31":{"start":{"line":32,"column":0},"end":{"line":32,"column":41}},"32":{"start":{"line":33,"column":0},"end":{"line":33,"column":0}},"33":{"start":{"line":34,"column":0},"end":{"line":34,"column":3}},"34":{"start":{"line":35,"column":0},"end":{"line":35,"column":30}},"35":{"start":{"line":36,"column":0},"end":{"line":36,"column":2}},"36":{"start":{"line":37,"column":0},"end":{"line":37,"column":76}},"37":{"start":{"line":38,"column":0},"end":{"line":38,"column":78}},"38":{"start":{"line":39,"column":0},"end":{"line":39,"column":59}},"39":{"start":{"line":40,"column":0},"end":{"line":40,"column":3}},"40":{"start":{"line":41,"column":0},"end":{"line":41,"column":43}}},"s":{"0":1,"1":1,"2":1,"3":1,"4":1,"5":1,"6":1,"7":1,"8":1,"9":1,"10":1,"11":1,"12":1,"13":1,"14":1,"15":1,"16":0,"17":0,"18":0,"19":0,"20":1,"21":1,"22":1,"23":1,"24":1,"25":1,"26":1,"27":1,"28":1,"29":1,"30":1,"31":1,"32":1,"33":1,"34":1,"35":1,"36":1,"37":1,"38":1,"39":1,"40":1},"branchMap":{"0":{"type":"branch","line":10,"loc":{"start":{"line":10,"column":38},"end":{"line":14,"column":2}},"locations":[{"start":{"line":10,"column":38},"end":{"line":14,"column":2}}]}},"b":{"0":[1]},"fnMap":{"0":{"name":"createInnerTRPCContext","decl":{"start":{"line":10,"column":38},"end":{"line":14,"column":2}},"loc":{"start":{"line":10,"column":38},"end":{"line":14,"column":2}},"line":10},"1":{"name":"createTRPCContext","decl":{"start":{"line":16,"column":33},"end":{"line":20,"column":2}},"loc":{"start":{"line":16,"column":33},"end":{"line":20,"column":2}},"line":16}},"f":{"0":1,"1":0}}
,"/home/bing/code/sp3/server/prisma/seed.ts": {"path":"/home/bing/code/sp3/server/prisma/seed.ts","all":false,"statementMap":{"0":{"start":{"line":1,"column":0},"end":{"line":1,"column":46}},"1":{"start":{"line":2,"column":0},"end":{"line":2,"column":0}},"2":{"start":{"line":3,"column":0},"end":{"line":3,"column":34}},"3":{"start":{"line":4,"column":0},"end":{"line":4,"column":0}},"4":{"start":{"line":5,"column":0},"end":{"line":5,"column":34}},"5":{"start":{"line":6,"column":0},"end":{"line":6,"column":18}},"6":{"start":{"line":7,"column":0},"end":{"line":7,"column":5}},"7":{"start":{"line":8,"column":0},"end":{"line":8,"column":30}},"8":{"start":{"line":9,"column":0},"end":{"line":9,"column":12}},"9":{"start":{"line":10,"column":0},"end":{"line":10,"column":6}},"10":{"start":{"line":11,"column":0},"end":{"line":11,"column":42}},"11":{"start":{"line":12,"column":0},"end":{"line":12,"column":24}},"12":{"start":{"line":13,"column":0},"end":{"line":13,"column":53}},"13":{"start":{"line":14,"column":0},"end":{"line":14,"column":22}},"14":{"start":{"line":15,"column":0},"end":{"line":15,"column":70}},"15":{"start":{"line":16,"column":0},"end":{"line":16,"column":56}},"16":{"start":{"line":17,"column":0},"end":{"line":17,"column":4}},"17":{"start":{"line":18,"column":0},"end":{"line":18,"column":0}},"18":{"start":{"line":19,"column":0},"end":{"line":19,"column":29}},"19":{"start":{"line":20,"column":0},"end":{"line":20,"column":33}},"20":{"start":{"line":21,"column":0},"end":{"line":21,"column":14}},"21":{"start":{"line":22,"column":0},"end":{"line":22,"column":7}},"22":{"start":{"line":23,"column":0},"end":{"line":23,"column":3}},"23":{"start":{"line":24,"column":0},"end":{"line":24,"column":2}},"24":{"start":{"line":25,"column":0},"end":{"line":25,"column":0}},"25":{"start":{"line":26,"column":0},"end":{"line":26,"column":34}},"26":{"start":{"line":27,"column":0},"end":{"line":27,"column":23}},"27":{"start":{"line":28,"column":0},"end":{"line":28,"column":2}},"28":{"start":{"line":29,"column":0},"end":{"line":29,"column":0}},"29":{"start":{"line":30,"column":0},"end":{"line":30,"column":36}},"30":{"start":{"line":31,"column":0},"end":{"line":31,"column":44}},"31":{"start":{"line":32,"column":0},"end":{"line":32,"column":27}},"32":{"start":{"line":33,"column":0},"end":{"line":33,"column":55}},"33":{"start":{"line":34,"column":0},"end":{"line":34,"column":0}},"34":{"start":{"line":35,"column":0},"end":{"line":35,"column":38}},"35":{"start":{"line":36,"column":0},"end":{"line":36,"column":40}},"36":{"start":{"line":37,"column":0},"end":{"line":37,"column":11}},"37":{"start":{"line":38,"column":0},"end":{"line":38,"column":62}},"38":{"start":{"line":39,"column":0},"end":{"line":39,"column":23}},"39":{"start":{"line":40,"column":0},"end":{"line":40,"column":27}},"40":{"start":{"line":41,"column":0},"end":{"line":41,"column":7}},"41":{"start":{"line":42,"column":0},"end":{"line":42,"column":5}},"42":{"start":{"line":43,"column":0},"end":{"line":43,"column":3}},"43":{"start":{"line":44,"column":0},"end":{"line":44,"column":2}},"44":{"start":{"line":45,"column":0},"end":{"line":45,"column":0}},"45":{"start":{"line":46,"column":0},"end":{"line":46,"column":44}},"46":{"start":{"line":47,"column":0},"end":{"line":47,"column":23}},"47":{"start":{"line":48,"column":0},"end":{"line":48,"column":23}},"48":{"start":{"line":49,"column":0},"end":{"line":49,"column":33}},"49":{"start":{"line":50,"column":0},"end":{"line":50,"column":6}},"50":{"start":{"line":51,"column":0},"end":{"line":51,"column":25}},"51":{"start":{"line":52,"column":0},"end":{"line":52,"column":23}},"52":{"start":{"line":53,"column":0},"end":{"line":53,"column":33}},"53":{"start":{"line":54,"column":0},"end":{"line":54,"column":22}},"54":{"start":{"line":55,"column":0},"end":{"line":55,"column":7}},"55":{"start":{"line":56,"column":0},"end":{"line":56,"column":2}}},"s":{"0":1,"1":1,"2":1,"3":1,"4":1,"5":2,"6":2,"7":2,"8":2,"9":2,"10":2,"11":2,"12":2,"13":2,"14":2,"15":2,"16":2,"17":2,"18":2,"19":10,"20":10,"21":10,"22":10,"23":2,"24":1,"25":1,"26":2,"27":2,"28":1,"29":1,"30":2,"31":2,"32":2,"33":2,"34":2,"35":6,"36":4,"37":4,"38":4,"39":0,"40":0,"41":4,"42":6,"43":2,"44":1,"45":1,"46":2,"47":2,"48":2,"49":2,"50":2,"51":0,"52":0,"53":0,"54":2,"55":2},"branchMap":{"0":{"type":"branch","line":5,"loc":{"start":{"line":5,"column":21},"end":{"line":24,"column":2}},"locations":[{"start":{"line":5,"column":21},"end":{"line":24,"column":2}}]},"1":{"type":"branch","line":5,"loc":{"start":{"line":5,"column":32},"end":{"line":24,"column":2}},"locations":[{"start":{"line":5,"column":32},"end":{"line":24,"column":2}}]},"2":{"type":"branch","line":19,"loc":{"start":{"line":19,"column":28},"end":{"line":23,"column":3}},"locations":[{"start":{"line":19,"column":28},"end":{"line":23,"column":3}}]},"3":{"type":"branch","line":26,"loc":{"start":{"line":26,"column":21},"end":{"line":28,"column":2}},"locations":[{"start":{"line":26,"column":21},"end":{"line":28,"column":2}}]},"4":{"type":"branch","line":26,"loc":{"start":{"line":26,"column":32},"end":{"line":28,"column":2}},"locations":[{"start":{"line":26,"column":32},"end":{"line":28,"column":2}}]},"5":{"type":"branch","line":30,"loc":{"start":{"line":30,"column":23},"end":{"line":44,"column":2}},"locations":[{"start":{"line":30,"column":23},"end":{"line":44,"column":2}}]},"6":{"type":"branch","line":30,"loc":{"start":{"line":30,"column":34},"end":{"line":44,"column":2}},"locations":[{"start":{"line":30,"column":34},"end":{"line":44,"column":2}}]},"7":{"type":"branch","line":35,"loc":{"start":{"line":35,"column":37},"end":{"line":43,"column":3}},"locations":[{"start":{"line":35,"column":37},"end":{"line":43,"column":3}}]},"8":{"type":"branch","line":36,"loc":{"start":{"line":36,"column":39},"end":{"line":42,"column":5}},"locations":[{"start":{"line":36,"column":39},"end":{"line":42,"column":5}}]},"9":{"type":"branch","line":39,"loc":{"start":{"line":39,"column":8},"end":{"line":41,"column":7}},"locations":[{"start":{"line":39,"column":8},"end":{"line":41,"column":7}}]},"10":{"type":"branch","line":46,"loc":{"start":{"line":46,"column":31},"end":{"line":56,"column":2}},"locations":[{"start":{"line":46,"column":31},"end":{"line":56,"column":2}}]},"11":{"type":"branch","line":46,"loc":{"start":{"line":46,"column":42},"end":{"line":56,"column":2}},"locations":[{"start":{"line":46,"column":42},"end":{"line":56,"column":2}}]},"12":{"type":"branch","line":48,"loc":{"start":{"line":48,"column":10},"end":{"line":50,"column":6}},"locations":[{"start":{"line":48,"column":10},"end":{"line":50,"column":6}}]},"13":{"type":"branch","line":48,"loc":{"start":{"line":48,"column":21},"end":{"line":50,"column":5}},"locations":[{"start":{"line":48,"column":21},"end":{"line":50,"column":5}}]}},"b":{"0":[2],"1":[2],"2":[10],"3":[2],"4":[2],"5":[2],"6":[2],"7":[6],"8":[4],"9":[0],"10":[2],"11":[2],"12":[2],"13":[2]},"fnMap":{"0":{"name":"seedProjects","decl":{"start":{"line":5,"column":21},"end":{"line":24,"column":2}},"loc":{"start":{"line":5,"column":21},"end":{"line":24,"column":2}},"line":5},"1":{"name":"seedForTests","decl":{"start":{"line":26,"column":21},"end":{"line":28,"column":2}},"loc":{"start":{"line":26,"column":21},"end":{"line":28,"column":2}},"line":26},"2":{"name":"resetDB","decl":{"start":{"line":30,"column":23},"end":{"line":44,"column":2}},"loc":{"start":{"line":30,"column":23},"end":{"line":44,"column":2}},"line":30},"3":{"name":"runSeedForTests","decl":{"start":{"line":46,"column":31},"end":{"line":56,"column":2}},"loc":{"start":{"line":46,"column":31},"end":{"line":56,"column":2}},"line":46}},"f":{"0":2,"1":2,"2":2,"3":2}}
,"/home/bing/code/sp3/server/routers/projects.ts": {"path":"/home/bing/code/sp3/server/routers/projects.ts","all":false,"statementMap":{"0":{"start":{"line":1,"column":0},"end":{"line":1,"column":24}},"1":{"start":{"line":2,"column":0},"end":{"line":2,"column":8}},"2":{"start":{"line":3,"column":0},"end":{"line":3,"column":23}},"3":{"start":{"line":4,"column":0},"end":{"line":4,"column":19}},"4":{"start":{"line":5,"column":0},"end":{"line":5,"column":18}},"5":{"start":{"line":6,"column":0},"end":{"line":6,"column":17}},"6":{"start":{"line":7,"column":0},"end":{"line":7,"column":0}},"7":{"start":{"line":8,"column":0},"end":{"line":8,"column":59}},"8":{"start":{"line":9,"column":0},"end":{"line":9,"column":39}},"9":{"start":{"line":10,"column":0},"end":{"line":10,"column":2}},"10":{"start":{"line":11,"column":0},"end":{"line":11,"column":0}},"11":{"start":{"line":12,"column":0},"end":{"line":12,"column":31}},"12":{"start":{"line":13,"column":0},"end":{"line":13,"column":28}},"13":{"start":{"line":14,"column":0},"end":{"line":14,"column":24}},"14":{"start":{"line":15,"column":0},"end":{"line":15,"column":6}},"15":{"start":{"line":16,"column":0},"end":{"line":16,"column":40}},"16":{"start":{"line":17,"column":0},"end":{"line":17,"column":28}},"17":{"start":{"line":18,"column":0},"end":{"line":18,"column":5}},"18":{"start":{"line":19,"column":0},"end":{"line":19,"column":2}},"19":{"start":{"line":20,"column":0},"end":{"line":20,"column":0}},"20":{"start":{"line":21,"column":0},"end":{"line":21,"column":48}},"21":{"start":{"line":22,"column":0},"end":{"line":22,"column":51}},"22":{"start":{"line":23,"column":0},"end":{"line":23,"column":35}},"23":{"start":{"line":24,"column":0},"end":{"line":24,"column":5}},"24":{"start":{"line":25,"column":0},"end":{"line":25,"column":0}},"25":{"start":{"line":26,"column":0},"end":{"line":26,"column":33}},"26":{"start":{"line":27,"column":0},"end":{"line":27,"column":40}},"27":{"start":{"line":28,"column":0},"end":{"line":28,"column":32}},"28":{"start":{"line":29,"column":0},"end":{"line":29,"column":47}},"29":{"start":{"line":30,"column":0},"end":{"line":30,"column":7}},"30":{"start":{"line":31,"column":0},"end":{"line":31,"column":3}}},"s":{"0":1,"1":1,"2":1,"3":1,"4":1,"5":1,"6":1,"7":1,"8":1,"9":1,"10":1,"11":1,"12":1,"13":1,"14":1,"15":1,"16":1,"17":1,"18":1,"19":1,"20":1,"21":1,"22":1,"23":1,"24":1,"25":1,"26":1,"27":1,"28":1,"29":1,"30":1},"branchMap":{"0":{"type":"branch","line":8,"loc":{"start":{"line":8,"column":27},"end":{"line":10,"column":2}},"locations":[{"start":{"line":8,"column":27},"end":{"line":10,"column":2}}]},"1":{"type":"branch","line":12,"loc":{"start":{"line":12,"column":30},"end":{"line":19,"column":2}},"locations":[{"start":{"line":12,"column":30},"end":{"line":19,"column":2}}]},"2":{"type":"branch","line":22,"loc":{"start":{"line":22,"column":37},"end":{"line":24,"column":3}},"locations":[{"start":{"line":22,"column":37},"end":{"line":24,"column":3}}]},"3":{"type":"branch","line":28,"loc":{"start":{"line":28,"column":11},"end":{"line":30,"column":5}},"locations":[{"start":{"line":28,"column":11},"end":{"line":30,"column":5}}]}},"b":{"0":[1],"1":[1],"2":[1],"3":[1]},"fnMap":{"0":{"name":"getProjectsHandler","decl":{"start":{"line":8,"column":27},"end":{"line":10,"column":2}},"loc":{"start":{"line":8,"column":27},"end":{"line":10,"column":2}},"line":8},"1":{"name":"getProjectByIdHandler","decl":{"start":{"line":12,"column":30},"end":{"line":19,"column":2}},"loc":{"start":{"line":12,"column":30},"end":{"line":19,"column":2}},"line":12}},"f":{"0":1,"1":1}}
}
