TN:
SF:index.ts
FNF:0
FNH:0
DA:1,1
DA:2,1
DA:3,1
DA:4,1
DA:5,1
DA:6,1
DA:7,1
DA:8,1
DA:9,1
DA:10,1
DA:11,1
DA:12,1
DA:13,1
DA:14,1
LF:14
LH:14
BRF:0
BRH:0
end_of_record
TN:
SF:trpc.ts
FN:10,createInnerTRPCContext
FN:16,createTRPCContext
FNF:2
FNH:1
FNDA:1,createInnerTRPCContext
FNDA:0,createTRPCContext
DA:1,1
DA:2,1
DA:3,1
DA:4,1
DA:5,1
DA:6,1
DA:7,1
DA:8,1
DA:9,1
DA:10,1
DA:11,1
DA:12,1
DA:13,1
DA:14,1
DA:15,1
DA:16,1
DA:17,0
DA:18,0
DA:19,0
DA:20,0
DA:21,1
DA:22,1
DA:23,1
DA:24,1
DA:25,1
DA:26,1
DA:27,1
DA:28,1
DA:29,1
DA:30,1
DA:31,1
DA:32,1
DA:33,1
DA:34,1
DA:35,1
DA:36,1
DA:37,1
DA:38,1
DA:39,1
DA:40,1
DA:41,1
LF:41
LH:37
BRDA:10,0,0,1
BRF:1
BRH:1
end_of_record
TN:
SF:prisma/seed.ts
FN:5,seedProjects
FN:26,seedForTests
FN:30,resetDB
FN:46,runSeedForTests
FNF:4
FNH:4
FNDA:2,seedProjects
FNDA:2,seedForTests
FNDA:2,resetDB
FNDA:2,runSeedForTests
DA:1,1
DA:2,1
DA:3,1
DA:4,1
DA:5,1
DA:6,2
DA:7,2
DA:8,2
DA:9,2
DA:10,2
DA:11,2
DA:12,2
DA:13,2
DA:14,2
DA:15,2
DA:16,2
DA:17,2
DA:18,2
DA:19,2
DA:20,10
DA:21,10
DA:22,10
DA:23,10
DA:24,2
DA:25,1
DA:26,1
DA:27,2
DA:28,2
DA:29,1
DA:30,1
DA:31,2
DA:32,2
DA:33,2
DA:34,2
DA:35,2
DA:36,6
DA:37,4
DA:38,4
DA:39,4
DA:40,0
DA:41,0
DA:42,4
DA:43,6
DA:44,2
DA:45,1
DA:46,1
DA:47,2
DA:48,2
DA:49,2
DA:50,2
DA:51,2
DA:52,0
DA:53,0
DA:54,0
DA:55,2
DA:56,2
LF:56
LH:51
BRDA:5,0,0,2
BRDA:5,1,0,2
BRDA:19,2,0,10
BRDA:26,3,0,2
BRDA:26,4,0,2
BRDA:30,5,0,2
BRDA:30,6,0,2
BRDA:35,7,0,6
BRDA:36,8,0,4
BRDA:39,9,0,0
BRDA:46,10,0,2
BRDA:46,11,0,2
BRDA:48,12,0,2
BRDA:48,13,0,2
BRF:14
BRH:13
end_of_record
TN:
SF:routers/projects.ts
FN:8,getProjectsHandler
FN:12,getProjectByIdHandler
FNF:2
FNH:2
FNDA:1,getProjectsHandler
FNDA:1,getProjectByIdHandler
DA:1,1
DA:2,1
DA:3,1
DA:4,1
DA:5,1
DA:6,1
DA:7,1
DA:8,1
DA:9,1
DA:10,1
DA:11,1
DA:12,1
DA:13,1
DA:14,1
DA:15,1
DA:16,1
DA:17,1
DA:18,1
DA:19,1
DA:20,1
DA:21,1
DA:22,1
DA:23,1
DA:24,1
DA:25,1
DA:26,1
DA:27,1
DA:28,1
DA:29,1
DA:30,1
DA:31,1
LF:31
LH:31
BRDA:8,0,0,1
BRDA:12,1,0,1
BRDA:22,2,0,1
BRDA:28,3,0,1
BRF:4
BRH:4
end_of_record
